<?xml version="1.0" encoding="UTF-8"?>
<testng-results skipped="1" failed="0" total="1" passed="0">
  <reporter-output>
  </reporter-output>
  <suite name="Default suite" duration-ms="16" started-at="2019-05-23T03:07:04Z" finished-at="2019-05-23T03:07:04Z">
    <groups>
      <group name="smoke">
        <method signature="LoginFacebook.testFacebookSignup()[pri:0, instance:test.facebook.login.LoginFacebook@357246de]" name="testFacebookSignup" class="test.facebook.login.LoginFacebook"/>
      </group> <!-- smoke -->
    </groups>
    <test name="Default test" duration-ms="16" started-at="2019-05-23T03:07:04Z" finished-at="2019-05-23T03:07:04Z">
      <class name="test.facebook.login.LoginFacebook">
        <test-method status="FAIL" signature="beforeEachTest(java.lang.String)[pri:0, instance:test.facebook.login.LoginFacebook@357246de]" name="beforeEachTest" is-config="true" duration-ms="0" started-at="2019-05-22T23:07:04Z" finished-at="2019-05-22T23:07:04Z">
          <exception class="org.testng.TestNGException">
            <message>
              <![CDATA[
Parameter 'browser' is required by @Configuration on method beforeEachTest but has not been marked @Optional or defined
in C:\Users\ashfa\AppData\Local\Temp\testng-eclipse-2133348964\testng-customsuite.xml]]>
            </message>
            <full-stacktrace>
              <![CDATA[org.testng.TestNGException: 
Parameter 'browser' is required by @Configuration on method beforeEachTest but has not been marked @Optional or defined
in C:\Users\ashfa\AppData\Local\Temp\testng-eclipse-2133348964\testng-customsuite.xml
	at org.testng.internal.Parameters.createParameters(Parameters.java:154)
	at org.testng.internal.Parameters.createParameters(Parameters.java:361)
	at org.testng.internal.Parameters.createConfigurationParameters(Parameters.java:84)
	at org.testng.internal.Invoker.invokeConfigurations(Invoker.java:201)
	at org.testng.internal.Invoker.invokeMethod(Invoker.java:589)
	at org.testng.internal.Invoker.invokeTestMethod(Invoker.java:822)
	at org.testng.internal.Invoker.invokeTestMethods(Invoker.java:1130)
	at org.testng.internal.TestMethodWorker.invokeTestMethods(TestMethodWorker.java:129)
	at org.testng.internal.TestMethodWorker.run(TestMethodWorker.java:112)
	at org.testng.TestRunner.privateRun(TestRunner.java:782)
	at org.testng.TestRunner.run(TestRunner.java:632)
	at org.testng.SuiteRunner.runTest(SuiteRunner.java:366)
	at org.testng.SuiteRunner.runSequentially(SuiteRunner.java:361)
	at org.testng.SuiteRunner.privateRun(SuiteRunner.java:319)
	at org.testng.SuiteRunner.run(SuiteRunner.java:268)
	at org.testng.SuiteRunnerWorker.runSuite(SuiteRunnerWorker.java:52)
	at org.testng.SuiteRunnerWorker.run(SuiteRunnerWorker.java:86)
	at org.testng.TestNG.runSuitesSequentially(TestNG.java:1244)
	at org.testng.TestNG.runSuitesLocally(TestNG.java:1169)
	at org.testng.TestNG.run(TestNG.java:1064)
	at org.testng.remote.RemoteTestNG.run(RemoteTestNG.java:113)
	at org.testng.remote.RemoteTestNG.initAndRun(RemoteTestNG.java:206)
	at org.testng.remote.RemoteTestNG.main(RemoteTestNG.java:177)
]]>
            </full-stacktrace>
          </exception> <!-- org.testng.TestNGException -->
          <reporter-output>
          </reporter-output>
        </test-method> <!-- beforeEachTest -->
        <test-method status="SKIP" signature="testFacebookSignup()[pri:0, instance:test.facebook.login.LoginFacebook@357246de]" name="testFacebookSignup" duration-ms="3" started-at="2019-05-22T23:07:04Z" finished-at="2019-05-22T23:07:04Z">
          <reporter-output>
          </reporter-output>
        </test-method> <!-- testFacebookSignup -->
        <test-method status="SKIP" signature="afterEachTest()[pri:0, instance:test.facebook.login.LoginFacebook@357246de]" name="afterEachTest" is-config="true" duration-ms="0" started-at="2019-05-22T23:07:04Z" finished-at="2019-05-22T23:07:04Z">
          <reporter-output>
          </reporter-output>
        </test-method> <!-- afterEachTest -->
        <test-method status="SKIP" signature="suiteComplete()[pri:0, instance:test.facebook.login.LoginFacebook@357246de]" name="suiteComplete" is-config="true" duration-ms="0" started-at="2019-05-22T23:07:04Z" finished-at="2019-05-22T23:07:04Z">
          <reporter-output>
          </reporter-output>
        </test-method> <!-- suiteComplete -->
      </class> <!-- test.facebook.login.LoginFacebook -->
    </test> <!-- Default test -->
  </suite> <!-- Default suite -->
</testng-results>
